[2026-06-23 22:49:18] production.ERROR: Class "L5Swagger\L5SwaggerServiceProvider" not found {"exception":"[object] (Error(code: 0): Class \"L5Swagger\\L5SwaggerServiceProvider\" not found at C:/Users/Hermes Aguilera/Desktop/Rentora/backend/vendor/laravel/framework/src/Illuminate/Foundation/Application.php:961)
[stacktrace]
#0 C:/Users/Hermes Aguilera/Desktop/Rentora/backend/vendor/laravel/framework/src/Illuminate/Foundation/Application.php(893): Illuminate/Foundation/Application->resolveProvider('L5Swagger//L5Swa...')
#1 C:/Users/Hermes Aguilera/Desktop/Rentora/backend/vendor/laravel/framework/src/Illuminate/Foundation/ProviderRepository.php(75): Illuminate/Foundation/Application->register('L5Swagger//L5Swa...')
#2 C:/Users/Hermes Aguilera/Desktop/Rentora/backend/vendor/laravel/framework/src/Illuminate/Foundation/Application.php(871): Illuminate/Foundation/ProviderRepository->load(Array)
#3 C:/Users/Hermes Aguilera/Desktop/Rentora/backend/vendor/laravel/framework/src/Illuminate/Foundation/Bootstrap/RegisterProviders.php(37): Illuminate/Foundation/Application->registerConfiguredProviders()
#4 C:/Users/Hermes Aguilera/Desktop/Rentora/backend/vendor/laravel/framework/src/Illuminate/Foundation/Application.php(342): Illuminate/Foundation/Bootstrap/RegisterProviders->bootstrap(Object(Illuminate/Foundation/Application))
#5 C:/Users/Hermes Aguilera/Desktop/Rentora/backend/vendor/laravel/framework/src/Illuminate/Foundation/Console/Kernel.php(474): Illuminate/Foundation/Application->bootstrapWith(Array)
#6 C:/Users/Hermes Aguilera/Desktop/Rentora/backend/vendor/laravel/framework/src/Illuminate/Foundation/Console/Kernel.php(196): Illuminate/Foundation/Console/Kernel->bootstrap()
#7 C:/Users/Hermes Aguilera/Desktop/Rentora/backend/vendor/laravel/framework/src/Illuminate/Foundation/Application.php(1235): Illuminate/Foundation/Console/Kernel->handle(Object(Symfony/Component/Console/Input/ArgvInput), Object(Symfony/Component/Console/Output/ConsoleOutput))
#8 C:/Users/Hermes Aguilera/Desktop/Rentora/backend/artisan(15): Illuminate/Foundation/Application->handleCommand(Object(Symfony/Component/Console/Input/ArgvInput))
#9 {main}
"} 
[2026-06-23 22:49:18] production.ERROR: Class "L5Swagger\L5SwaggerServiceProvider" not found {"exception":"[object] (Error(code: 0): Class \"L5Swagger\\L5SwaggerServiceProvider\" not found at C:/Users/Hermes Aguilera/Desktop/Rentora/backend/vendor/laravel/framework/src/Illuminate/Foundation/Application.php:961)
[stacktrace]
#0 C:/Users/Hermes Aguilera/Desktop/Rentora/backend/vendor/laravel/framework/src/Illuminate/Foundation/Application.php(893): Illuminate/Foundation/Application->resolveProvider('L5Swagger//L5Swa...')
#1 C:/Users/Hermes Aguilera/Desktop/Rentora/backend/vendor/laravel/framework/src/Illuminate/Foundation/ProviderRepository.php(75): Illuminate/Foundation/Application->register('L5Swagger//L5Swa...')
#2 C:/Users/Hermes Aguilera/Desktop/Rentora/backend/vendor/laravel/framework/src/Illuminate/Foundation/Application.php(871): Illuminate/Foundation/ProviderRepository->load(Array)
#3 C:/Users/Hermes Aguilera/Desktop/Rentora/backend/vendor/laravel/framework/src/Illuminate/Foundation/Bootstrap/RegisterProviders.php(37): Illuminate/Foundation/Application->registerConfiguredProviders()
#4 C:/Users/Hermes Aguilera/Desktop/Rentora/backend/vendor/laravel/framework/src/Illuminate/Foundation/Application.php(342): Illuminate/Foundation/Bootstrap/RegisterProviders->bootstrap(Object(Illuminate/Foundation/Application))
#5 C:/Users/Hermes Aguilera/Desktop/Rentora/backend/vendor/laravel/framework/src/Illuminate/Foundation/Console/Kernel.php(474): Illuminate/Foundation/Application->bootstrapWith(Array)
#6 C:/Users/Hermes Aguilera/Desktop/Rentora/backend/vendor/laravel/framework/src/Illuminate/Foundation/Console/Kernel.php(196): Illuminate/Foundation/Console/Kernel->bootstrap()
#7 C:/Users/Hermes Aguilera/Desktop/Rentora/backend/vendor/laravel/framework/src/Illuminate/Foundation/Application.php(1235): Illuminate/Foundation/Console/Kernel->handle(Object(Symfony/Component/Console/Input/ArgvInput), Object(Symfony/Component/Console/Output/ConsoleOutput))
#8 C:/Users/Hermes Aguilera/Desktop/Rentora/backend/artisan(15): Illuminate/Foundation/Application->handleCommand(Object(Symfony/Component/Console/Input/ArgvInput))
#9 {main}
"} 
[2026-06-23 22:51:17] production.ERROR: There are no commands defined in the "pest" namespace. {"exception":"[object] (Symfony\\Component\\Console\\Exception\\NamespaceNotFoundException(code: 0): There are no commands defined in the \"pest\" namespace. at C:/Users/Hermes Aguilera/Desktop/Rentora/backend/vendor/symfony/console/Application.php:694)
[stacktrace]
#0 C:/Users/Hermes Aguilera/Desktop/Rentora/backend/vendor/symfony/console/Application.php(743): Symfony/Component/Console/Application->findNamespace('pest')
#1 C:/Users/Hermes Aguilera/Desktop/Rentora/backend/vendor/symfony/console/Application.php(298): Symfony/Component/Console/Application->find('pest:test')
#2 C:/Users/Hermes Aguilera/Desktop/Rentora/backend/vendor/symfony/console/Application.php(195): Symfony/Component/Console/Application->doRun(Object(Symfony/Component/Console/Input/ArgvInput), Object(Symfony/Component/Console/Output/ConsoleOutput))
#3 C:/Users/Hermes Aguilera/Desktop/Rentora/backend/vendor/laravel/framework/src/Illuminate/Foundation/Console/Kernel.php(198): Symfony/Component/Console/Application->run(Object(Symfony/Component/Console/Input/ArgvInput), Object(Symfony/Component/Console/Output/ConsoleOutput))
#4 C:/Users/Hermes Aguilera/Desktop/Rentora/backend/vendor/laravel/framework/src/Illuminate/Foundation/Application.php(1235): Illuminate/Foundation/Console/Kernel->handle(Object(Symfony/Component/Console/Input/ArgvInput), Object(Symfony/Component/Console/Output/ConsoleOutput))
#5 C:/Users/Hermes Aguilera/Desktop/Rentora/backend/artisan(15): Illuminate/Foundation/Application->handleCommand(Object(Symfony/Component/Console/Input/ArgvInput))
#6 {main}
"} 
